32c0 start_logger              160 ---- 2023/03/29 09:20:49.796 -------------------------------------------------
32c0 start_logger              166 Host process is 'cmd.exe' (pid 12992)
32c0 start_logger              170 DLL path is 'D:\VirtualizationProject\cmder_mini\vendor\clink'
32c0 start_logger              185 Windows version 10.0.19045 (x64)
32c0 start_logger              188 Clink version 1.4.4.7fe1ca (x64)
32c0 hook_setter::hook_setter  159 >>> Started hook transaction.
32c0 hook_setter::attach_iat   316 Attempting to hook SetEnvironmentVariableW in IAT for module 00007FF712D00000.
32c0 pe_info::iterate_imports  159 Found import in 'api-ms-win-core-processenvironment-l1-1-0.dll'
32c0 find_iat                  124 Found import at 00007FF712D33860 (value is 00007FFF08522C10).
32c0 hook_setter::attach_iat   316 Attempting to hook WriteConsoleW in IAT for module 00007FF712D00000.
32c0 pe_info::iterate_imports  159 Found import in 'api-ms-win-core-console-l1-1-0.dll'
32c0 find_iat                  124 Found import at 00007FF712D334F8 (value is 00007FFF084C7320).
32c0 hook_setter::attach_iat   316 Attempting to hook GetEnvironmentVariableW in IAT for module 00007FF712D00000.
32c0 pe_info::iterate_imports  159 Found import in 'api-ms-win-core-processenvironment-l1-1-0.dll'
32c0 find_iat                  124 Found import at 00007FF712D33880 (value is 00007FFF084E5080).
32c0 hook_setter::commit       207 <<< Hook transaction committed.
32c0 hook_setter::hook_setter  159 >>> Started hook transaction.
32c0 hook_setter::detach_iat   359 Attempting to unhook 00007FFEDF639710 from GetEnvironmentVariableW in IAT for module 00007FF712D00000.
32c0 pe_info::iterate_imports  159 Found import in 'api-ms-win-core-processenvironment-l1-1-0.dll'
32c0 find_iat                  124 Found import at 00007FF712D33880 (value is 00007FFEDF639710).
32c0 hook_setter::commit       207 <<< Hook transaction committed.
32c0 hook_setter::hook_setter  159 >>> Started hook transaction.
32c0 hook_setter::attach_iat   316 Attempting to hook ReadConsoleW in IAT for module 00007FF712D00000.
32c0 pe_info::iterate_imports  159 Found import in 'api-ms-win-core-console-l1-1-0.dll'
32c0 find_iat                  124 Found import at 00007FF712D334E0 (value is 00007FFF085BAE50).
32c0 hook_setter::commit       207 <<< Hook transaction committed.
32c0 hook_setter::hook_setter  159 >>> Started hook transaction.
32c0 hook_setter::attach_iat   316 Attempting to hook SetConsoleTitleW in IAT for module 00007FF712D00000.
32c0 pe_info::iterate_imports  159 Found import in 'api-ms-win-core-console-l2-2-0.dll'
32c0 find_iat                  124 Found import at 00007FF712D33558 (value is 00007FFF085365F0).
32c0 hook_setter::commit       207 <<< Hook transaction committed.
32c0 win_screen_buffer::begin  228 Using native terminal support; found 'ConEmuHk64.dll'.
32c0 host_lua::load_scripts    158 Loaded 2 Lua scripts in 2533 ms
32c0 =?                          0 Clink updater: too soon to check for updates (1680023819 vs 1680061855).
32c0 history_db::initialise   1264 master bank ctag: |CTAG_1679234457_75098453_12380_0
32c0 history_db::compact      1526 History:  6 active, 1 deleted
32c0 history_db::compact      1526 History:  6 active, 2 deleted
32c0 history_db::compact      1526 History:  6 active, 3 deleted
32c0 reset_handle              144 resetting mismatched stdout handle
32c0 reset_handle              144 resetting mismatched stderr handle
32c0 history_db::compact      1526 History:  6 active, 4 deleted
32c0 history_db::compact      1526 History:  6 active, 5 deleted
32c0 reset_handle              144 resetting mismatched stderr handle
32c0 history_db::compact      1526 History:  6 active, 6 deleted
